Build started 12/3/2014 10:55:46 AM.
     1>Project "C:\Users\John\Documents\Visual Studio 2012\Projects\testing\testing\testing.vcxproj" on node 2 (Build target(s)).
     1>ClCompile:
         C:\Program Files (x86)\Microsoft Visual Studio 11.0\VC\bin\CL.exe /c /ZI /nologo /W3 /WX- /Od /Oy- /D WIN32 /D _DEBUG /D _CONSOLE /D _UNICODE /D UNICODE /Gm /EHsc /RTC1 /MDd /GS /fp:precise /Zc:wchar_t /Zc:forScope /Fo"Debug\\" /Fd"Debug\vc110.pdb" /Gd /TC /analyze- /errorReport:prompt main.c
         main.c
     1>c:\users\john\documents\visual studio 2012\projects\testing\testing\main.c(12): error C2143: syntax error : missing ';' before 'type'
     1>c:\users\john\documents\visual studio 2012\projects\testing\testing\main.c(14): error C2065: 'fuck' : undeclared identifier
     1>c:\users\john\documents\visual studio 2012\projects\testing\testing\main.c(16): error C2065: 'fuck' : undeclared identifier
     1>Done Building Project "C:\Users\John\Documents\Visual Studio 2012\Projects\testing\testing\testing.vcxproj" (Build target(s)) -- FAILED.

Build FAILED.

Time Elapsed 00:00:00.17
