Build started 10/24/2014 9:53:42 AM.
     1>Project "c:\Users\John\documents\visual studio 2012\Projects\lab8\lab8\lab8.vcxproj" on node 2 (Build target(s)).
     1>ClCompile:
         C:\Program Files (x86)\Microsoft Visual Studio 11.0\VC\bin\CL.exe /c /ZI /nologo /W3 /WX- /sdl /Od /Oy- /D WIN32 /D _DEBUG /D _CONSOLE /D _UNICODE /D UNICODE /Gm /EHsc /RTC1 /MDd /GS /fp:precise /Zc:wchar_t /Zc:forScope /Fo"Debug\\" /Fd"Debug\vc110.pdb" /Gd /TC /analyze- /errorReport:prompt functions.c main.c
         main.c
     1>c:\users\john\documents\visual studio 2012\projects\lab8\lab8\main.c(166): error C2143: syntax error : missing ';' before 'type'
     1>c:\users\john\documents\visual studio 2012\projects\lab8\lab8\main.c(169): error C2143: syntax error : missing ';' before 'type'
     1>c:\users\john\documents\visual studio 2012\projects\lab8\lab8\main.c(170): error C2275: 'size_t' : illegal use of this type as an expression
                 c:\program files (x86)\microsoft visual studio 11.0\vc\include\crtdefs.h(430) : see declaration of 'size_t'
     1>c:\users\john\documents\visual studio 2012\projects\lab8\lab8\main.c(170): error C2146: syntax error : missing ';' before identifier 'len'
     1>c:\users\john\documents\visual studio 2012\projects\lab8\lab8\main.c(170): error C2065: 'len' : undeclared identifier
     1>c:\users\john\documents\visual studio 2012\projects\lab8\lab8\main.c(170): error C2065: 'chosen_word' : undeclared identifier
     1>c:\users\john\documents\visual studio 2012\projects\lab8\lab8\main.c(171): error C2275: 'size_t' : illegal use of this type as an expression
                 c:\program files (x86)\microsoft visual studio 11.0\vc\include\crtdefs.h(430) : see declaration of 'size_t'
     1>c:\users\john\documents\visual studio 2012\projects\lab8\lab8\main.c(171): error C2146: syntax error : missing ';' before identifier 'i'
     1>c:\users\john\documents\visual studio 2012\projects\lab8\lab8\main.c(171): error C2065: 'i' : undeclared identifier
     1>c:\users\john\documents\visual studio 2012\projects\lab8\lab8\main.c(172): error C2143: syntax error : missing ';' before 'type'
     1>c:\users\john\documents\visual studio 2012\projects\lab8\lab8\main.c(173): error C2143: syntax error : missing ';' before 'type'
     1>c:\users\john\documents\visual studio 2012\projects\lab8\lab8\main.c(177): error C2065: 'len' : undeclared identifier
     1>c:\users\john\documents\visual studio 2012\projects\lab8\lab8\main.c(180): error C2143: syntax error : missing ';' before 'type'
     1>c:\users\john\documents\visual studio 2012\projects\lab8\lab8\main.c(188): error C2065: 'guessed' : undeclared identifier
     1>c:\users\john\documents\visual studio 2012\projects\lab8\lab8\main.c(190): error C2065: 'guessed' : undeclared identifier
     1>c:\users\john\documents\visual studio 2012\projects\lab8\lab8\main.c(193): error C2065: 'guessed' : undeclared identifier
     1>c:\users\john\documents\visual studio 2012\projects\lab8\lab8\main.c(193): error C2065: 'chosen_word' : undeclared identifier
     1>c:\users\john\documents\visual studio 2012\projects\lab8\lab8\main.c(193): error C2065: 'a' : undeclared identifier
     1>c:\users\john\documents\visual studio 2012\projects\lab8\lab8\main.c(193): warning C4047: 'function' : 'char *' differs in levels of indirection from 'int'
     1>c:\users\john\documents\visual studio 2012\projects\lab8\lab8\main.c(193): warning C4024: 'see_in_word' : different types for formal and actual parameter 3
     1>c:\users\john\documents\visual studio 2012\projects\lab8\lab8\main.c(193): error C2065: 'len' : undeclared identifier
     1>c:\users\john\documents\visual studio 2012\projects\lab8\lab8\main.c(193): error C2065: 'found' : undeclared identifier
     1>c:\users\john\documents\visual studio 2012\projects\lab8\lab8\main.c(196): error C2065: 'found' : undeclared identifier
     1>c:\users\john\documents\visual studio 2012\projects\lab8\lab8\main.c(198): error C2065: 'chances' : undeclared identifier
     1>c:\users\john\documents\visual studio 2012\projects\lab8\lab8\main.c(200): error C2065: 'chances' : undeclared identifier
     1>c:\users\john\documents\visual studio 2012\projects\lab8\lab8\main.c(205): error C2065: 'chances' : undeclared identifier
     1>c:\users\john\documents\visual studio 2012\projects\lab8\lab8\main.c(208): error C2065: 'found' : undeclared identifier
         functions.c
         Generating Code...
     1>Done Building Project "c:\Users\John\documents\visual studio 2012\Projects\lab8\lab8\lab8.vcxproj" (Build target(s)) -- FAILED.

Build FAILED.

Time Elapsed 00:00:00.99
