Build started 2/8/2015 5:20:40 PM.
     1>Project "c:\Users\John\documents\visual studio 2012\Projects\programming_assign2\programming_assign2\programming_assign2.vcxproj" on node 2 (Build target(s)).
     1>ClCompile:
         C:\Program Files (x86)\Microsoft Visual Studio 11.0\VC\bin\CL.exe /c /ZI /nologo /W3 /WX- /sdl /Od /Oy- /D WIN32 /D _DEBUG /D _CONSOLE /D _UNICODE /D UNICODE /D _CRT_SECURE_NO_WARNINGS /Gm /EHsc /RTC1 /MDd /GS /fp:precise /Zc:wchar_t /Zc:forScope /Fo"Debug\\" /Fd"Debug\vc110.pdb" /Gd /TC /analyze- /errorReport:prompt main.c musicManager.c
         musicManager.c
         main.c
     1>c:\users\john\documents\visual studio 2012\projects\programming_assign2\programming_assign2\main.c(9): warning C4101: 'pHead' : unreferenced local variable
         Generating Code...
       Link:
         C:\Program Files (x86)\Microsoft Visual Studio 11.0\VC\bin\link.exe /ERRORREPORT:PROMPT /OUT:"c:\users\john\documents\visual studio 2012\Projects\programming_assign2\Debug\programming_assign2.exe" /INCREMENTAL /NOLOGO kernel32.lib user32.lib gdi32.lib winspool.lib comdlg32.lib advapi32.lib shell32.lib ole32.lib oleaut32.lib uuid.lib odbc32.lib odbccp32.lib /MANIFEST /MANIFESTUAC:"level='asInvoker' uiAccess='false'" /manifest:embed /DEBUG /PDB:"c:\users\john\documents\visual studio 2012\Projects\programming_assign2\Debug\programming_assign2.pdb" /SUBSYSTEM:CONSOLE /TLBID:1 /DYNAMICBASE /NXCOMPAT /IMPLIB:"c:\users\john\documents\visual studio 2012\Projects\programming_assign2\Debug\programming_assign2.lib" /MACHINE:X86 Debug\main.obj
         Debug\musicManager.obj
     1>musicManager.obj : error LNK2019: unresolved external symbol _rate referenced in function _menu
     1>c:\users\john\documents\visual studio 2012\Projects\programming_assign2\Debug\programming_assign2.exe : fatal error LNK1120: 1 unresolved externals
     1>Done Building Project "c:\Users\John\documents\visual studio 2012\Projects\programming_assign2\programming_assign2\programming_assign2.vcxproj" (Build target(s)) -- FAILED.

Build FAILED.

Time Elapsed 00:00:00.62
